<?xml version="1.0" encoding="UTF-8"?>
<!-- Generated by org.testng.reporters.JUnitReportReporter -->
<testsuite hostname="DESKTOP-IFNDKD5" failures="0" tests="2" name="temptest.TestNGClass" time="0.019" errors="0" timestamp="2022-09-15T09:45:49 EDT" skipped="0">
  <testcase classname="temptest.TestNGClass" name="b" time="0.006"/>
  <system-out/>
  <testcase classname="temptest.TestNGClass" name="a" time="0.013"/>
  <system-out/>
</testsuite> <!-- temptest.TestNGClass -->
