<?xml version="1.0" encoding="UTF-8"?>
<!-- Generated by org.testng.reporters.JUnitReportReporter -->
<testsuite hostname="DESKTOP-IFNDKD5" failures="0" tests="2" name="testclass.SnapdLTng1" time="42.608" errors="0" timestamp="2022-09-09T04:52:22 EDT" skipped="0">
  <testcase classname="testclass.SnapdLTng1" name="kurtiSet" time="33.349"/>
  <system-out/>
  <testcase classname="testclass.SnapdLTng1" name="signIn1" time="9.259"/>
  <system-out/>
</testsuite> <!-- testclass.SnapdLTng1 -->
