<?xml version="1.0" encoding="UTF-8"?>
<!-- Generated by org.testng.reporters.JUnitReportReporter -->
<testsuite hostname="DESKTOP-IFNDKD5" failures="0" tests="3" name="temptest.TestClass" time="0.055" errors="0" timestamp="2022-09-16T04:03:44 EDT" skipped="0">
  <testcase classname="temptest.TestClass" name="test1" time="0.048"/>
  <system-out/>
  <testcase classname="temptest.TestClass" name="test3" time="0.004"/>
  <system-out/>
  <testcase classname="temptest.TestClass" name="test2" time="0.003"/>
  <system-out/>
</testsuite> <!-- temptest.TestClass -->
