<?xml version="1.0" encoding="UTF-8"?>
<!-- Generated by org.testng.reporters.JUnitReportReporter -->
<testsuite hostname="DESKTOP-IFNDKD5" failures="0" tests="2" name="temptest.AmazonTng1" time="90.668" errors="0" timestamp="2022-09-20T03:52:42 EDT" skipped="0">
  <testcase classname="temptest.AmazonTng1" name="selectVivo" time="42.046"/>
  <system-out/>
  <testcase classname="temptest.AmazonTng1" name="selectOppo" time="48.622"/>
  <system-out/>
</testsuite> <!-- temptest.AmazonTng1 -->
