<?xml version="1.0" encoding="UTF-8"?>
<!-- Generated by org.testng.reporters.JUnitReportReporter -->
<testsuite hostname="DESKTOP-IFNDKD5" failures="0" tests="4" name="temptest.FbTestng2" time="60.340" errors="0" timestamp="2022-09-21T08:53:33 EDT" skipped="2">
  <testcase classname="temptest.FbTestng2" name="sendkeyInEmail" time="0.000">
    <skipped/>
  </testcase> <!-- sendkeyInEmail -->
  <system-out/>
  <testcase classname="temptest.FbTestng2" name="sendkeyInEmail" time="55.279"/>
  <system-out/>
  <testcase classname="temptest.FbTestng2" name="sendKeysInPassword" time="5.061"/>
  <system-out/>
  <testcase classname="temptest.FbTestng2" name="sendKeysInPassword" time="0.000">
    <skipped/>
  </testcase> <!-- sendKeysInPassword -->
  <system-out/>
</testsuite> <!-- temptest.FbTestng2 -->
